# JRE version: OpenJDK Runtime Environment Temurin-17.0.5+8 (17.0.5+8) (build 17.0.5+8)
# Java VM: OpenJDK 64-Bit Server VM Temurin-17.0.5+8 (17.0.5+8, mixed mode, tiered, compressed oops, compressed class ptrs, g1 gc, windows-amd64)
GC Precious Log:
 CPUs: 4 total, 4 available
 Memory: 16249M
 Large Page Support: Disabled
 NUMA Support: Disabled
 Compressed Oops: Enabled (Zero based)
 Heap Region Size: 2M
 Heap Min Capacity: 8M
 Heap Initial Capacity: 254M
 Heap Max Capacity: 4064M
 Pre-touch: Disabled
 Parallel Workers: 4
 Concurrent Workers: 1
 Concurrent Refinement Workers: 4
 Periodic GC: Disabled
Heap:
 garbage-first heap   total 163840K, used 132980K [0x0000000702000000, 0x0000000800000000)
  region size 2048K, 35 young (71680K), 2 survivors (4096K)
 Metaspace       used 103518K, committed 104128K, reserved 1146880K
  class space    used 11747K, committed 12032K, reserved 1048576K
GC Heap History (20 events):
Event: 1564.189 GC heap before
{Heap before GC invocations=105 (full 2):
 garbage-first heap   total 163840K, used 139528K [0x0000000702000000, 0x0000000800000000)
  region size 2048K, 45 young (92160K), 0 survivors (0K)
 Metaspace       used 100408K, committed 101056K, reserved 1138688K
  class space    used 11588K, committed 11904K, reserved 1048576K
}
Event: 1564.200 GC heap after
{Heap after GC invocations=106 (full 2):
 garbage-first heap   total 163840K, used 55083K [0x0000000702000000, 0x0000000800000000)
  region size 2048K, 4 young (8192K), 4 survivors (8192K)
 Metaspace       used 100408K, committed 101056K, reserved 1138688K
  class space    used 11588K, committed 11904K, reserved 1048576K
}
Event: 1566.164 GC heap before
{Heap before GC invocations=106 (full 2):
 garbage-first heap   total 163840K, used 134955K [0x0000000702000000, 0x0000000800000000)
  region size 2048K, 43 young (88064K), 4 survivors (8192K)
 Metaspace       used 101217K, committed 101760K, reserved 1146880K
  class space    used 11632K, committed 11904K, reserved 1048576K
}
Event: 1566.173 GC heap after
{Heap after GC invocations=107 (full 2):
 garbage-first heap   total 163840K, used 55811K [0x0000000702000000, 0x0000000800000000)
  region size 2048K, 2 young (4096K), 2 survivors (4096K)
 Metaspace       used 101217K, committed 101760K, reserved 1146880K
  class space    used 11632K, committed 11904K, reserved 1048576K
}
Event: 1567.465 GC heap before
{Heap before GC invocations=107 (full 2):
 garbage-first heap   total 163840K, used 133635K [0x0000000702000000, 0x0000000800000000)
  region size 2048K, 40 young (81920K), 2 survivors (4096K)
 Metaspace       used 101854K, committed 102464K, reserved 1146880K
  class space    used 11668K, committed 11968K, reserved 1048576K
}
Event: 1567.472 GC heap after
{Heap after GC invocations=108 (full 2):
 garbage-first heap   total 163840K, used 58139K [0x0000000702000000, 0x0000000800000000)
  region size 2048K, 3 young (6144K), 3 survivors (6144K)
 Metaspace       used 101854K, committed 102464K, reserved 1146880K
  class space    used 11668K, committed 11968K, reserved 1048576K
}
Event: 1568.619 GC heap before
{Heap before GC invocations=108 (full 2):
 garbage-first heap   total 163840K, used 133915K [0x0000000702000000, 0x0000000800000000)
  region size 2048K, 40 young (81920K), 3 survivors (6144K)
 Metaspace       used 102321K, committed 102976K, reserved 1146880K
  class space    used 11690K, committed 12032K, reserved 1048576K
}
Event: 1568.627 GC heap after
{Heap after GC invocations=109 (full 2):
 garbage-first heap   total 163840K, used 60399K [0x0000000702000000, 0x0000000800000000)
  region size 2048K, 4 young (8192K), 4 survivors (8192K)
 Metaspace       used 102321K, committed 102976K, reserved 1146880K
  class space    used 11690K, committed 12032K, reserved 1048576K
}
Event: 1569.351 GC heap before
{Heap before GC invocations=109 (full 2):
 garbage-first heap   total 163840K, used 136175K [0x0000000702000000, 0x0000000800000000)
  region size 2048K, 41 young (83968K), 4 survivors (8192K)
 Metaspace       used 102810K, committed 103424K, reserved 1146880K
  class space    used 11717K, committed 12032K, reserved 1048576K
}
Event: 1569.360 GC heap after
{Heap after GC invocations=110 (full 2):
 garbage-first heap   total 163840K, used 62652K [0x0000000702000000, 0x0000000800000000)
  region size 2048K, 4 young (8192K), 4 survivors (8192K)
 Metaspace       used 102810K, committed 103424K, reserved 1146880K
  class space    used 11717K, committed 12032K, reserved 1048576K
}
Event: 1569.981 GC heap before
{Heap before GC invocations=110 (full 2):
 garbage-first heap   total 163840K, used 136380K [0x0000000702000000, 0x0000000800000000)
  region size 2048K, 40 young (81920K), 4 survivors (8192K)
 Metaspace       used 103184K, committed 103808K, reserved 1146880K
  class space    used 11734K, committed 12032K, reserved 1048576K
}
Event: 1569.990 GC heap after
{Heap after GC invocations=111 (full 2):
 garbage-first heap   total 163840K, used 64761K [0x0000000702000000, 0x0000000800000000)
  region size 2048K, 4 young (8192K), 4 survivors (8192K)
 Metaspace       used 103184K, committed 103808K, reserved 1146880K
  class space    used 11734K, committed 12032K, reserved 1048576K
}
Event: 1576.115 GC heap before
{Heap before GC invocations=111 (full 2):
 garbage-first heap   total 163840K, used 134393K [0x0000000702000000, 0x0000000800000000)
  region size 2048K, 38 young (77824K), 4 survivors (8192K)
 Metaspace       used 103437K, committed 104000K, reserved 1146880K
  class space    used 11746K, committed 12032K, reserved 1048576K
}
Event: 1576.125 GC heap after
{Heap after GC invocations=112 (full 2):
 garbage-first heap   total 163840K, used 67474K [0x0000000702000000, 0x0000000800000000)
  region size 2048K, 4 young (8192K), 4 survivors (8192K)
 Metaspace       used 103437K, committed 104000K, reserved 1146880K
  class space    used 11746K, committed 12032K, reserved 1048576K
}
Event: 1602.789 GC heap before
{Heap before GC invocations=112 (full 2):
 garbage-first heap   total 163840K, used 135058K [0x0000000702000000, 0x0000000800000000)
  region size 2048K, 37 young (75776K), 4 survivors (8192K)
 Metaspace       used 103481K, committed 104064K, reserved 1146880K
  class space    used 11747K, committed 12032K, reserved 1048576K
}
Event: 1602.797 GC heap after
{Heap after GC invocations=113 (full 2):
 garbage-first heap   total 163840K, used 67352K [0x0000000702000000, 0x0000000800000000)
  region size 2048K, 2 young (4096K), 2 survivors (4096K)
 Metaspace       used 103481K, committed 104064K, reserved 1146880K
  class space    used 11747K, committed 12032K, reserved 1048576K
}
Event: 1632.026 GC heap before
{Heap before GC invocations=113 (full 2):
 garbage-first heap   total 163840K, used 136984K [0x0000000702000000, 0x0000000800000000)
  region size 2048K, 36 young (73728K), 2 survivors (4096K)
 Metaspace       used 103481K, committed 104064K, reserved 1146880K
  class space    used 11747K, committed 12032K, reserved 1048576K
}
Event: 1632.033 GC heap after
{Heap after GC invocations=114 (full 2):
 garbage-first heap   total 163840K, used 67734K [0x0000000702000000, 0x0000000800000000)
  region size 2048K, 2 young (4096K), 2 survivors (4096K)
 Metaspace       used 103481K, committed 104064K, reserved 1146880K
  class space    used 11747K, committed 12032K, reserved 1048576K
}
Event: 1662.768 GC heap before
{Heap before GC invocations=114 (full 2):
 garbage-first heap   total 163840K, used 139414K [0x0000000702000000, 0x0000000800000000)
  region size 2048K, 37 young (75776K), 2 survivors (4096K)
 Metaspace       used 103481K, committed 104064K, reserved 1146880K
  class space    used 11747K, committed 12032K, reserved 1048576K
}
Event: 1662.772 GC heap after
{Heap after GC invocations=115 (full 2):
 garbage-first heap   total 163840K, used 67444K [0x0000000702000000, 0x0000000800000000)
  region size 2048K, 2 young (4096K), 2 survivors (4096K)
 Metaspace       used 103481K, committed 104064K, reserved 1146880K
  class space    used 11747K, committed 12032K, reserved 1048576K
}

