# JRE version: Java(TM) SE Runtime Environment (8.0_351-b10) (build 1.8.0_351-b10)
# Java VM: Java HotSpot(TM) 64-Bit Server VM (25.351-b10 mixed mode windows-amd64 compressed oops)
Heap:
 PSYoungGen      total 201728K, used 94987K [0x000000076b580000, 0x0000000778e00000, 0x00000007c0000000)
  eden space 183808K, 49% used [0x000000076b580000,0x0000000770e43f40,0x0000000776900000)
  from space 17920K, 22% used [0x0000000776900000,0x0000000776cfed98,0x0000000777a80000)
  to   space 14848K, 0% used [0x0000000777a80000,0x0000000777a80000,0x0000000778900000)
 ParOldGen       total 195584K, used 33686K [0x00000006c2000000, 0x00000006cdf00000, 0x000000076b580000)
  object space 195584K, 17% used [0x00000006c2000000,0x00000006c40e58b8,0x00000006cdf00000)
 Metaspace       used 60765K, capacity 63428K, committed 63872K, reserved 1105920K
  class space    used 7734K, capacity 8216K, committed 8320K, reserved 1048576K
GC Heap History (10 events):
Event: 13.585 GC heap before
{Heap before GC invocations=10 (full 2):
 PSYoungGen      total 134144K, used 121344K [0x000000076b580000, 0x0000000776780000, 0x00000007c0000000)
  eden space 121344K, 100% used [0x000000076b580000,0x0000000772c00000,0x0000000772c00000)
  from space 12800K, 0% used [0x0000000772c00000,0x0000000772c00000,0x0000000773880000)
  to   space 13312K, 0% used [0x0000000775a80000,0x0000000775a80000,0x0000000776780000)
 ParOldGen       total 195584K, used 20361K [0x00000006c2000000, 0x00000006cdf00000, 0x000000076b580000)
  object space 195584K, 10% used [0x00000006c2000000,0x00000006c33e24f8,0x00000006cdf00000)
 Metaspace       used 39853K, capacity 42126K, committed 42240K, reserved 1085440K
  class space    used 4883K, capacity 5291K, committed 5376K, reserved 1048576K
Event: 13.601 GC heap after
Heap after GC invocations=10 (full 2):
 PSYoungGen      total 169472K, used 9098K [0x000000076b580000, 0x0000000776c80000, 0x00000007c0000000)
  eden space 156160K, 0% used [0x000000076b580000,0x000000076b580000,0x0000000774e00000)
  from space 13312K, 68% used [0x0000000775a80000,0x00000007763629f8,0x0000000776780000)
  to   space 12800K, 0% used [0x0000000774e00000,0x0000000774e00000,0x0000000775a80000)
 ParOldGen       total 195584K, used 20369K [0x00000006c2000000, 0x00000006cdf00000, 0x000000076b580000)
  object space 195584K, 10% used [0x00000006c2000000,0x00000006c33e44f8,0x00000006cdf00000)
 Metaspace       used 39853K, capacity 42126K, committed 42240K, reserved 1085440K
  class space    used 4883K, capacity 5291K, committed 5376K, reserved 1048576K
}
Event: 15.437 GC heap before
{Heap before GC invocations=11 (full 2):
 PSYoungGen      total 169472K, used 165258K [0x000000076b580000, 0x0000000776c80000, 0x00000007c0000000)
  eden space 156160K, 100% used [0x000000076b580000,0x0000000774e00000,0x0000000774e00000)
  from space 13312K, 68% used [0x0000000775a80000,0x00000007763629f8,0x0000000776780000)
  to   space 12800K, 0% used [0x0000000774e00000,0x0000000774e00000,0x0000000775a80000)
 ParOldGen       total 195584K, used 20369K [0x00000006c2000000, 0x00000006cdf00000, 0x000000076b580000)
  object space 195584K, 10% used [0x00000006c2000000,0x00000006c33e44f8,0x00000006cdf00000)
 Metaspace       used 48299K, capacity 50750K, committed 51072K, reserved 1093632K
  class space    used 6068K, capacity 6495K, committed 6528K, reserved 1048576K
Event: 15.455 GC heap after
Heap after GC invocations=11 (full 2):
 PSYoungGen      total 168960K, used 12788K [0x000000076b580000, 0x0000000778900000, 0x00000007c0000000)
  eden space 156160K, 0% used [0x000000076b580000,0x000000076b580000,0x0000000774e00000)
  from space 12800K, 99% used [0x0000000774e00000,0x0000000775a7d358,0x0000000775a80000)
  to   space 14848K, 0% used [0x0000000777a80000,0x0000000777a80000,0x0000000778900000)
 ParOldGen       total 195584K, used 22759K [0x00000006c2000000, 0x00000006cdf00000, 0x000000076b580000)
  object space 195584K, 11% used [0x00000006c2000000,0x00000006c3639df8,0x00000006cdf00000)
 Metaspace       used 48299K, capacity 50750K, committed 51072K, reserved 1093632K
  class space    used 6068K, capacity 6495K, committed 6528K, reserved 1048576K
}
Event: 17.686 GC heap before
{Heap before GC invocations=12 (full 2):
 PSYoungGen      total 168960K, used 142546K [0x000000076b580000, 0x0000000778900000, 0x00000007c0000000)
  eden space 156160K, 83% used [0x000000076b580000,0x0000000773437690,0x0000000774e00000)
  from space 12800K, 99% used [0x0000000774e00000,0x0000000775a7d358,0x0000000775a80000)
  to   space 14848K, 0% used [0x0000000777a80000,0x0000000777a80000,0x0000000778900000)
 ParOldGen       total 195584K, used 22759K [0x00000006c2000000, 0x00000006cdf00000, 0x000000076b580000)
  object space 195584K, 11% used [0x00000006c2000000,0x00000006c3639df8,0x00000006cdf00000)
 Metaspace       used 56342K, capacity 58884K, committed 59136K, reserved 1101824K
  class space    used 7178K, capacity 7650K, committed 7680K, reserved 1048576K
Event: 17.707 GC heap after
Heap after GC invocations=12 (full 2):
 PSYoungGen      total 198656K, used 14841K [0x000000076b580000, 0x0000000778e00000, 0x00000007c0000000)
  eden space 183808K, 0% used [0x000000076b580000,0x000000076b580000,0x0000000776900000)
  from space 14848K, 99% used [0x0000000777a80000,0x00000007788fe760,0x0000000778900000)
  to   space 17920K, 0% used [0x0000000776900000,0x0000000776900000,0x0000000777a80000)
 ParOldGen       total 195584K, used 27351K [0x00000006c2000000, 0x00000006cdf00000, 0x000000076b580000)
  object space 195584K, 13% used [0x00000006c2000000,0x00000006c3ab5d68,0x00000006cdf00000)
 Metaspace       used 56342K, capacity 58884K, committed 59136K, reserved 1101824K
  class space    used 7178K, capacity 7650K, committed 7680K, reserved 1048576K
}
Event: 17.707 GC heap before
{Heap before GC invocations=13 (full 3):
 PSYoungGen      total 198656K, used 14841K [0x000000076b580000, 0x0000000778e00000, 0x00000007c0000000)
  eden space 183808K, 0% used [0x000000076b580000,0x000000076b580000,0x0000000776900000)
  from space 14848K, 99% used [0x0000000777a80000,0x00000007788fe760,0x0000000778900000)
  to   space 17920K, 0% used [0x0000000776900000,0x0000000776900000,0x0000000777a80000)
 ParOldGen       total 195584K, used 27351K [0x00000006c2000000, 0x00000006cdf00000, 0x000000076b580000)
  object space 195584K, 13% used [0x00000006c2000000,0x00000006c3ab5d68,0x00000006cdf00000)
 Metaspace       used 56342K, capacity 58884K, committed 59136K, reserved 1101824K
  class space    used 7178K, capacity 7650K, committed 7680K, reserved 1048576K
Event: 17.864 GC heap after
Heap after GC invocations=13 (full 3):
 PSYoungGen      total 198656K, used 0K [0x000000076b580000, 0x0000000778e00000, 0x00000007c0000000)
  eden space 183808K, 0% used [0x000000076b580000,0x000000076b580000,0x0000000776900000)
  from space 14848K, 0% used [0x0000000777a80000,0x0000000777a80000,0x0000000778900000)
  to   space 17920K, 0% used [0x0000000776900000,0x0000000776900000,0x0000000777a80000)
 ParOldGen       total 195584K, used 33678K [0x00000006c2000000, 0x00000006cdf00000, 0x000000076b580000)
  object space 195584K, 17% used [0x00000006c2000000,0x00000006c40e38b8,0x00000006cdf00000)
 Metaspace       used 56342K, capacity 58884K, committed 59136K, reserved 1101824K
  class space    used 7178K, capacity 7650K, committed 7680K, reserved 1048576K
}
Event: 19.004 GC heap before
{Heap before GC invocations=14 (full 3):
 PSYoungGen      total 198656K, used 183808K [0x000000076b580000, 0x0000000778e00000, 0x00000007c0000000)
  eden space 183808K, 100% used [0x000000076b580000,0x0000000776900000,0x0000000776900000)
  from space 14848K, 0% used [0x0000000777a80000,0x0000000777a80000,0x0000000778900000)
  to   space 17920K, 0% used [0x0000000776900000,0x0000000776900000,0x0000000777a80000)
 ParOldGen       total 195584K, used 33678K [0x00000006c2000000, 0x00000006cdf00000, 0x000000076b580000)
  object space 195584K, 17% used [0x00000006c2000000,0x00000006c40e38b8,0x00000006cdf00000)
 Metaspace       used 59023K, capacity 61696K, committed 62080K, reserved 1103872K
  class space    used 7512K, capacity 7980K, committed 8064K, reserved 1048576K
Event: 19.011 GC heap after
Heap after GC invocations=14 (full 3):
 PSYoungGen      total 201728K, used 4091K [0x000000076b580000, 0x0000000778e00000, 0x00000007c0000000)
  eden space 183808K, 0% used [0x000000076b580000,0x000000076b580000,0x0000000776900000)
  from space 17920K, 22% used [0x0000000776900000,0x0000000776cfed98,0x0000000777a80000)
  to   space 14848K, 0% used [0x0000000777a80000,0x0000000777a80000,0x0000000778900000)
 ParOldGen       total 195584K, used 33686K [0x00000006c2000000, 0x00000006cdf00000, 0x000000076b580000)
  object space 195584K, 17% used [0x00000006c2000000,0x00000006c40e58b8,0x00000006cdf00000)
 Metaspace       used 59023K, capacity 61696K, committed 62080K, reserved 1103872K
  class space    used 7512K, capacity 7980K, committed 8064K, reserved 1048576K
}

