# JRE version: Java(TM) SE Runtime Environment (8.0_351-b10) (build 1.8.0_351-b10)
# Java VM: Java HotSpot(TM) 64-Bit Server VM (25.351-b10 mixed mode windows-amd64 compressed oops)
Heap:
 PSYoungGen      total 372224K, used 157679K [0x000000076b580000, 0x000000078af80000, 0x00000007c0000000)
  eden space 351232K, 38% used [0x000000076b580000,0x0000000773afe368,0x0000000780c80000)
  from space 20992K, 99% used [0x0000000780c80000,0x00000007820fdb70,0x0000000782100000)
  to   space 24576K, 0% used [0x0000000789780000,0x0000000789780000,0x000000078af80000)
 ParOldGen       total 211456K, used 33100K [0x00000006c2000000, 0x00000006cee80000, 0x000000076b580000)
  object space 211456K, 15% used [0x00000006c2000000,0x00000006c40532c8,0x00000006cee80000)
 Metaspace       used 77770K, capacity 81486K, committed 81792K, reserved 1120256K
  class space    used 9656K, capacity 10287K, committed 10368K, reserved 1048576K
GC Heap History (10 events):
Event: 24.284 GC heap before
{Heap before GC invocations=12 (full 2):
 PSYoungGen      total 225792K, used 72710K [0x000000076b580000, 0x000000077e600000, 0x00000007c0000000)
  eden space 211968K, 27% used [0x000000076b580000,0x000000076ef06640,0x0000000778480000)
  from space 13824K, 99% used [0x0000000778480000,0x00000007791fb530,0x0000000779200000)
  to   space 17920K, 0% used [0x000000077d480000,0x000000077d480000,0x000000077e600000)
 ParOldGen       total 152576K, used 23614K [0x00000006c2000000, 0x00000006cb500000, 0x000000076b580000)
  object space 152576K, 15% used [0x00000006c2000000,0x00000006c370fbd8,0x00000006cb500000)
 Metaspace       used 56369K, capacity 58880K, committed 59136K, reserved 1101824K
  class space    used 7187K, capacity 7650K, committed 7680K, reserved 1048576K
Event: 24.310 GC heap after
Heap after GC invocations=12 (full 2):
 PSYoungGen      total 292352K, used 16878K [0x000000076b580000, 0x000000077f380000, 0x00000007c0000000)
  eden space 274432K, 0% used [0x000000076b580000,0x000000076b580000,0x000000077c180000)
  from space 17920K, 94% used [0x000000077d480000,0x000000077e4fbaf0,0x000000077e600000)
  to   space 19456K, 0% used [0x000000077c180000,0x000000077c180000,0x000000077d480000)
 ParOldGen       total 152576K, used 23622K [0x00000006c2000000, 0x00000006cb500000, 0x000000076b580000)
  object space 152576K, 15% used [0x00000006c2000000,0x00000006c3711bd8,0x00000006cb500000)
 Metaspace       used 56369K, capacity 58880K, committed 59136K, reserved 1101824K
  class space    used 7187K, capacity 7650K, committed 7680K, reserved 1048576K
}
Event: 24.310 GC heap before
{Heap before GC invocations=13 (full 3):
 PSYoungGen      total 292352K, used 16878K [0x000000076b580000, 0x000000077f380000, 0x00000007c0000000)
  eden space 274432K, 0% used [0x000000076b580000,0x000000076b580000,0x000000077c180000)
  from space 17920K, 94% used [0x000000077d480000,0x000000077e4fbaf0,0x000000077e600000)
  to   space 19456K, 0% used [0x000000077c180000,0x000000077c180000,0x000000077d480000)
 ParOldGen       total 152576K, used 23622K [0x00000006c2000000, 0x00000006cb500000, 0x000000076b580000)
  object space 152576K, 15% used [0x00000006c2000000,0x00000006c3711bd8,0x00000006cb500000)
 Metaspace       used 56369K, capacity 58880K, committed 59136K, reserved 1101824K
  class space    used 7187K, capacity 7650K, committed 7680K, reserved 1048576K
Event: 24.576 GC heap after
Heap after GC invocations=13 (full 3):
 PSYoungGen      total 292352K, used 0K [0x000000076b580000, 0x000000077f380000, 0x00000007c0000000)
  eden space 274432K, 0% used [0x000000076b580000,0x000000076b580000,0x000000077c180000)
  from space 17920K, 0% used [0x000000077d480000,0x000000077d480000,0x000000077e600000)
  to   space 19456K, 0% used [0x000000077c180000,0x000000077c180000,0x000000077d480000)
 ParOldGen       total 211456K, used 31179K [0x00000006c2000000, 0x00000006cee80000, 0x000000076b580000)
  object space 211456K, 14% used [0x00000006c2000000,0x00000006c3e72fe8,0x00000006cee80000)
 Metaspace       used 56369K, capacity 58880K, committed 59136K, reserved 1101824K
  class space    used 7187K, capacity 7650K, committed 7680K, reserved 1048576K
}
Event: 28.431 GC heap before
{Heap before GC invocations=14 (full 3):
 PSYoungGen      total 292352K, used 274432K [0x000000076b580000, 0x000000077f380000, 0x00000007c0000000)
  eden space 274432K, 100% used [0x000000076b580000,0x000000077c180000,0x000000077c180000)
  from space 17920K, 0% used [0x000000077d480000,0x000000077d480000,0x000000077e600000)
  to   space 19456K, 0% used [0x000000077c180000,0x000000077c180000,0x000000077d480000)
 ParOldGen       total 211456K, used 31179K [0x00000006c2000000, 0x00000006cee80000, 0x000000076b580000)
  object space 211456K, 14% used [0x00000006c2000000,0x00000006c3e72fe8,0x00000006cee80000)
 Metaspace       used 61068K, capacity 63750K, committed 64128K, reserved 1105920K
  class space    used 7773K, capacity 8281K, committed 8320K, reserved 1048576K
Event: 28.505 GC heap after
Heap after GC invocations=14 (full 3):
 PSYoungGen      total 293888K, used 7474K [0x000000076b580000, 0x0000000783780000, 0x00000007c0000000)
  eden space 274432K, 0% used [0x000000076b580000,0x000000076b580000,0x000000077c180000)
  from space 19456K, 38% used [0x000000077c180000,0x000000077c8cca00,0x000000077d480000)
  to   space 19456K, 0% used [0x0000000782480000,0x0000000782480000,0x0000000783780000)
 ParOldGen       total 211456K, used 31187K [0x00000006c2000000, 0x00000006cee80000, 0x000000076b580000)
  object space 211456K, 14% used [0x00000006c2000000,0x00000006c3e74fe8,0x00000006cee80000)
 Metaspace       used 61068K, capacity 63750K, committed 64128K, reserved 1105920K
  class space    used 7773K, capacity 8281K, committed 8320K, reserved 1048576K
}
Event: 34.031 GC heap before
{Heap before GC invocations=15 (full 3):
 PSYoungGen      total 293888K, used 281906K [0x000000076b580000, 0x0000000783780000, 0x00000007c0000000)
  eden space 274432K, 100% used [0x000000076b580000,0x000000077c180000,0x000000077c180000)
  from space 19456K, 38% used [0x000000077c180000,0x000000077c8cca00,0x000000077d480000)
  to   space 19456K, 0% used [0x0000000782480000,0x0000000782480000,0x0000000783780000)
 ParOldGen       total 211456K, used 31187K [0x00000006c2000000, 0x00000006cee80000, 0x000000076b580000)
  object space 211456K, 14% used [0x00000006c2000000,0x00000006c3e74fe8,0x00000006cee80000)
 Metaspace       used 69741K, capacity 73318K, committed 73472K, reserved 1114112K
  class space    used 8871K, capacity 9466K, committed 9472K, reserved 1048576K
Event: 34.053 GC heap after
Heap after GC invocations=15 (full 3):
 PSYoungGen      total 365056K, used 17371K [0x000000076b580000, 0x0000000783580000, 0x00000007c0000000)
  eden space 347648K, 0% used [0x000000076b580000,0x000000076b580000,0x0000000780900000)
  from space 17408K, 99% used [0x0000000782480000,0x0000000783576f30,0x0000000783580000)
  to   space 20992K, 0% used [0x0000000780c80000,0x0000000780c80000,0x0000000782100000)
 ParOldGen       total 211456K, used 31195K [0x00000006c2000000, 0x00000006cee80000, 0x000000076b580000)
  object space 211456K, 14% used [0x00000006c2000000,0x00000006c3e76fe8,0x00000006cee80000)
 Metaspace       used 69741K, capacity 73318K, committed 73472K, reserved 1114112K
  class space    used 8871K, capacity 9466K, committed 9472K, reserved 1048576K
}
Event: 37.529 GC heap before
{Heap before GC invocations=16 (full 3):
 PSYoungGen      total 365056K, used 365019K [0x000000076b580000, 0x0000000783580000, 0x00000007c0000000)
  eden space 347648K, 100% used [0x000000076b580000,0x0000000780900000,0x0000000780900000)
  from space 17408K, 99% used [0x0000000782480000,0x0000000783576f30,0x0000000783580000)
  to   space 20992K, 0% used [0x0000000780c80000,0x0000000780c80000,0x0000000782100000)
 ParOldGen       total 211456K, used 31195K [0x00000006c2000000, 0x00000006cee80000, 0x000000076b580000)
  object space 211456K, 14% used [0x00000006c2000000,0x00000006c3e76fe8,0x00000006cee80000)
 Metaspace       used 76784K, capacity 80484K, committed 80768K, reserved 1120256K
  class space    used 9578K, capacity 10246K, committed 10368K, reserved 1048576K
Event: 37.727 GC heap after
Heap after GC invocations=16 (full 3):
 PSYoungGen      total 372224K, used 20982K [0x000000076b580000, 0x000000078af80000, 0x00000007c0000000)
  eden space 351232K, 0% used [0x000000076b580000,0x000000076b580000,0x0000000780c80000)
  from space 20992K, 99% used [0x0000000780c80000,0x00000007820fdb70,0x0000000782100000)
  to   space 24576K, 0% used [0x0000000789780000,0x0000000789780000,0x000000078af80000)
 ParOldGen       total 211456K, used 33100K [0x00000006c2000000, 0x00000006cee80000, 0x000000076b580000)
  object space 211456K, 15% used [0x00000006c2000000,0x00000006c40532c8,0x00000006cee80000)
 Metaspace       used 76784K, capacity 80484K, committed 80768K, reserved 1120256K
  class space    used 9578K, capacity 10246K, committed 10368K, reserved 1048576K
}

