# JRE version: Java(TM) SE Runtime Environment (8.0_351-b10) (build 1.8.0_351-b10)
# Java VM: Java HotSpot(TM) 64-Bit Server VM (25.351-b10 mixed mode windows-amd64 compressed oops)
Heap:
 PSYoungGen      total 513024K, used 16471K [0x000000076b580000, 0x000000078e600000, 0x00000007c0000000)
  eden space 474624K, 1% used [0x000000076b580000,0x000000076bcd6d70,0x0000000788500000)
  from space 38400K, 23% used [0x000000078c080000,0x000000078c93ef58,0x000000078e600000)
  to   space 49664K, 0% used [0x0000000788500000,0x0000000788500000,0x000000078b580000)
 ParOldGen       total 266752K, used 82839K [0x00000006c2000000, 0x00000006d2480000, 0x000000076b580000)
  object space 266752K, 31% used [0x00000006c2000000,0x00000006c70e5e08,0x00000006d2480000)
 Metaspace       used 103260K, capacity 108658K, committed 108824K, reserved 1144832K
  class space    used 12657K, capacity 13543K, committed 13592K, reserved 1048576K
GC Heap History (10 events):
Event: 39.533 GC heap before
{Heap before GC invocations=20 (full 3):
 PSYoungGen      total 375808K, used 375792K [0x000000076b580000, 0x0000000785980000, 0x00000007c0000000)
  eden space 348160K, 100% used [0x000000076b580000,0x0000000780980000,0x0000000780980000)
  from space 27648K, 99% used [0x0000000782900000,0x00000007843fc070,0x0000000784400000)
  to   space 32256K, 0% used [0x0000000780980000,0x0000000780980000,0x0000000782900000)
 ParOldGen       total 266752K, used 39540K [0x00000006c2000000, 0x00000006d2480000, 0x000000076b580000)
  object space 266752K, 14% used [0x00000006c2000000,0x00000006c469d3a0,0x00000006d2480000)
 Metaspace       used 85800K, capacity 90248K, committed 90520K, reserved 1128448K
  class space    used 10558K, capacity 11322K, committed 11416K, reserved 1048576K
Event: 39.658 GC heap after
Heap after GC invocations=20 (full 3):
 PSYoungGen      total 380416K, used 32240K [0x000000076b580000, 0x000000078a300000, 0x00000007c0000000)
  eden space 348160K, 0% used [0x000000076b580000,0x000000076b580000,0x0000000780980000)
  from space 32256K, 99% used [0x0000000780980000,0x00000007828fc060,0x0000000782900000)
  to   space 40960K, 0% used [0x0000000787b00000,0x0000000787b00000,0x000000078a300000)
 ParOldGen       total 266752K, used 49531K [0x00000006c2000000, 0x00000006d2480000, 0x000000076b580000)
  object space 266752K, 18% used [0x00000006c2000000,0x00000006c505ee18,0x00000006d2480000)
 Metaspace       used 85800K, capacity 90248K, committed 90520K, reserved 1128448K
  class space    used 10558K, capacity 11322K, committed 11416K, reserved 1048576K
}
Event: 57.289 GC heap before
{Heap before GC invocations=21 (full 3):
 PSYoungGen      total 380416K, used 276369K [0x000000076b580000, 0x000000078a300000, 0x00000007c0000000)
  eden space 348160K, 70% used [0x000000076b580000,0x000000077a3e8408,0x0000000780980000)
  from space 32256K, 99% used [0x0000000780980000,0x00000007828fc060,0x0000000782900000)
  to   space 40960K, 0% used [0x0000000787b00000,0x0000000787b00000,0x000000078a300000)
 ParOldGen       total 266752K, used 49531K [0x00000006c2000000, 0x00000006d2480000, 0x000000076b580000)
  object space 266752K, 18% used [0x00000006c2000000,0x00000006c505ee18,0x00000006d2480000)
 Metaspace       used 93608K, capacity 98476K, committed 98584K, reserved 1134592K
  class space    used 11685K, capacity 12518K, committed 12568K, reserved 1048576K
Event: 57.339 GC heap after
Heap after GC invocations=21 (full 3):
 PSYoungGen      total 453632K, used 40928K [0x000000076b580000, 0x000000078b000000, 0x00000007c0000000)
  eden space 412672K, 0% used [0x000000076b580000,0x000000076b580000,0x0000000784880000)
  from space 40960K, 99% used [0x0000000787b00000,0x000000078a2f80c0,0x000000078a300000)
  to   space 51712K, 0% used [0x0000000784880000,0x0000000784880000,0x0000000787b00000)
 ParOldGen       total 266752K, used 62881K [0x00000006c2000000, 0x00000006d2480000, 0x000000076b580000)
  object space 266752K, 23% used [0x00000006c2000000,0x00000006c5d684f8,0x00000006d2480000)
 Metaspace       used 93608K, capacity 98476K, committed 98584K, reserved 1134592K
  class space    used 11685K, capacity 12518K, committed 12568K, reserved 1048576K
}
Event: 57.339 GC heap before
{Heap before GC invocations=22 (full 4):
 PSYoungGen      total 453632K, used 40928K [0x000000076b580000, 0x000000078b000000, 0x00000007c0000000)
  eden space 412672K, 0% used [0x000000076b580000,0x000000076b580000,0x0000000784880000)
  from space 40960K, 99% used [0x0000000787b00000,0x000000078a2f80c0,0x000000078a300000)
  to   space 51712K, 0% used [0x0000000784880000,0x0000000784880000,0x0000000787b00000)
 ParOldGen       total 266752K, used 62881K [0x00000006c2000000, 0x00000006d2480000, 0x000000076b580000)
  object space 266752K, 23% used [0x00000006c2000000,0x00000006c5d684f8,0x00000006d2480000)
 Metaspace       used 93608K, capacity 98476K, committed 98584K, reserved 1134592K
  class space    used 11685K, capacity 12518K, committed 12568K, reserved 1048576K
Event: 57.723 GC heap after
Heap after GC invocations=22 (full 4):
 PSYoungGen      total 453632K, used 0K [0x000000076b580000, 0x000000078b000000, 0x00000007c0000000)
  eden space 412672K, 0% used [0x000000076b580000,0x000000076b580000,0x0000000784880000)
  from space 40960K, 0% used [0x0000000787b00000,0x0000000787b00000,0x000000078a300000)
  to   space 51712K, 0% used [0x0000000784880000,0x0000000784880000,0x0000000787b00000)
 ParOldGen       total 266752K, used 82823K [0x00000006c2000000, 0x00000006d2480000, 0x000000076b580000)
  object space 266752K, 31% used [0x00000006c2000000,0x00000006c70e1e08,0x00000006d2480000)
 Metaspace       used 93506K, capacity 98314K, committed 98584K, reserved 1134592K
  class space    used 11670K, capacity 12491K, committed 12568K, reserved 1048576K
}
Event: 103.882 GC heap before
{Heap before GC invocations=23 (full 4):
 PSYoungGen      total 453632K, used 412672K [0x000000076b580000, 0x000000078b000000, 0x00000007c0000000)
  eden space 412672K, 100% used [0x000000076b580000,0x0000000784880000,0x0000000784880000)
  from space 40960K, 0% used [0x0000000787b00000,0x0000000787b00000,0x000000078a300000)
  to   space 51712K, 0% used [0x0000000784880000,0x0000000784880000,0x0000000787b00000)
 ParOldGen       total 266752K, used 82823K [0x00000006c2000000, 0x00000006d2480000, 0x000000076b580000)
  object space 266752K, 31% used [0x00000006c2000000,0x00000006c70e1e08,0x00000006d2480000)
 Metaspace       used 98994K, capacity 104092K, committed 104216K, reserved 1140736K
  class space    used 12229K, capacity 13078K, committed 13080K, reserved 1048576K
Event: 103.891 GC heap after
Heap after GC invocations=23 (full 4):
 PSYoungGen      total 464384K, used 9656K [0x000000076b580000, 0x000000078f200000, 0x00000007c0000000)
  eden space 412672K, 0% used [0x000000076b580000,0x000000076b580000,0x0000000784880000)
  from space 51712K, 18% used [0x0000000784880000,0x00000007851ee008,0x0000000787b00000)
  to   space 50688K, 0% used [0x000000078c080000,0x000000078c080000,0x000000078f200000)
 ParOldGen       total 266752K, used 82831K [0x00000006c2000000, 0x00000006d2480000, 0x000000076b580000)
  object space 266752K, 31% used [0x00000006c2000000,0x00000006c70e3e08,0x00000006d2480000)
 Metaspace       used 98994K, capacity 104092K, committed 104216K, reserved 1140736K
  class space    used 12229K, capacity 13078K, committed 13080K, reserved 1048576K
}
Event: 151.255 GC heap before
{Heap before GC invocations=24 (full 4):
 PSYoungGen      total 464384K, used 422328K [0x000000076b580000, 0x000000078f200000, 0x00000007c0000000)
  eden space 412672K, 100% used [0x000000076b580000,0x0000000784880000,0x0000000784880000)
  from space 51712K, 18% used [0x0000000784880000,0x00000007851ee008,0x0000000787b00000)
  to   space 50688K, 0% used [0x000000078c080000,0x000000078c080000,0x000000078f200000)
 ParOldGen       total 266752K, used 82831K [0x00000006c2000000, 0x00000006d2480000, 0x000000076b580000)
  object space 266752K, 31% used [0x00000006c2000000,0x00000006c70e3e08,0x00000006d2480000)
 Metaspace       used 103087K, capacity 108466K, committed 108568K, reserved 1144832K
  class space    used 12647K, capacity 13543K, committed 13592K, reserved 1048576K
Event: 151.294 GC heap after
Heap after GC invocations=24 (full 4):
 PSYoungGen      total 513024K, used 8955K [0x000000076b580000, 0x000000078e600000, 0x00000007c0000000)
  eden space 474624K, 0% used [0x000000076b580000,0x000000076b580000,0x0000000788500000)
  from space 38400K, 23% used [0x000000078c080000,0x000000078c93ef58,0x000000078e600000)
  to   space 49664K, 0% used [0x0000000788500000,0x0000000788500000,0x000000078b580000)
 ParOldGen       total 266752K, used 82839K [0x00000006c2000000, 0x00000006d2480000, 0x000000076b580000)
  object space 266752K, 31% used [0x00000006c2000000,0x00000006c70e5e08,0x00000006d2480000)
 Metaspace       used 103087K, capacity 108466K, committed 108568K, reserved 1144832K
  class space    used 12647K, capacity 13543K, committed 13592K, reserved 1048576K
}

